<?xml version="1.0" encoding="UTF-8"?>
<testng-results skipped="0" failed="0" total="0" passed="0">
  <reporter-output>
  </reporter-output>
  <suite name="mx.org.ift.simca.arq.core.persistence.BitacoraTest" duration-ms="3" started-at="2018-10-24T10:37:25Z" finished-at="2018-10-24T10:37:25Z">
    <groups>
    </groups>
    <test name="Command line test" duration-ms="3" started-at="2018-10-24T10:37:25Z" finished-at="2018-10-24T10:37:25Z">
    </test> <!-- Command line test -->
  </suite> <!-- mx.org.ift.simca.arq.core.persistence.BitacoraTest -->
</testng-results>
